#
# There is insufficient memory for the Java Runtime Environment to continue.
# Native memory allocation (mmap) failed to map 123731968 bytes for G1 virtual space
# Possible reasons:
#   The system is out of physical RAM or swap space
#   The process is running with CompressedOops enabled, and the Java Heap may be blocking the growth of the native heap
# Possible solutions:
#   Reduce memory load on the system
#   Increase physical memory or swap space
#   Check if swap backing store is full
#   Decrease Java heap size (-Xmx/-Xms)
#   Decrease number of Java threads
#   Decrease Java thread stack sizes (-Xss)
#   Set larger code cache with -XX:ReservedCodeCacheSize=
#   JVM is running with Unscaled Compressed Oops mode in which the Java heap is
#     placed in the first 4GB address space. The Java Heap base address is the
#     maximum limit for the native heap growth. Please use -XX:HeapBaseMinAddress
#     to set the Java Heap base and to place the Java Heap above 4GB virtual address.
# This output file may be truncated or incomplete.
#
#  Out of Memory Error (os_windows.cpp:3600), pid=20996, tid=13268
#
# JRE version:  (21.0.2+13) (build )
# Java VM: Java HotSpot(TM) 64-Bit Server VM (21.0.2+13-LTS-58, mixed mode, sharing, tiered, compressed oops, compressed class ptrs, g1 gc, windows-amd64)
# No core dump will be written. Minidumps are not enabled by default on client versions of Windows
#

---------------  S U M M A R Y ------------

Command Line: -Dfile.encoding=UTF-8 -Dstdout.encoding=UTF-8 -Dstderr.encoding=UTF-8 --module-path=C:\Users\ADARSH ANAND\eclipse-workspace\yo\bin -XX:+ShowCodeDetailsInExceptionMessages -Djdk.module.main=yo yo/Javaaa.MissingNumberArray

Host: AMD Ryzen 5 5600H with Radeon Graphics         , 12 cores, 7G,  Windows 11 , 64 bit Build 22621 (10.0.22621.3672)
Time: Wed Jun 19 01:42:31 2024 India Standard Time elapsed time: 0.010969 seconds (0d 0h 0m 0s)

---------------  T H R E A D  ---------------

Current thread (0x000002354b3e95c0):  JavaThread "Unknown thread" [_thread_in_vm, id=13268, stack(0x000000d8d6900000,0x000000d8d6a00000) (1024K)]

Stack: [0x000000d8d6900000,0x000000d8d6a00000]
Native frames: (J=compiled Java code, j=interpreted, Vv=VM code, C=native code)
V  [jvm.dll+0x6cade9]
V  [jvm.dll+0x8569c1]
V  [jvm.dll+0x858d2e]
V  [jvm.dll+0x859413]
V  [jvm.dll+0x280e56]
V  [jvm.dll+0x6c74d5]
V  [jvm.dll+0x6bbeca]
V  [jvm.dll+0x355bca]
V  [jvm.dll+0x35d816]
V  [jvm.dll+0x3ae67e]
V  [jvm.dll+0x3ae928]
V  [jvm.dll+0x3295dc]
V  [jvm.dll+0x32a16b]
V  [jvm.dll+0x81efa9]
V  [jvm.dll+0x3bba01]
V  [jvm.dll+0x807928]
V  [jvm.dll+0x44f50e]
V  [jvm.dll+0x450e11]
C  [jli.dll+0x52a3]
C  [ucrtbase.dll+0x29333]
C  [KERNEL32.DLL+0x1257d]
C  [ntdll.dll+0x5af28]


---------------  P R O C E S S  ---------------

Threads class SMR info:
_java_thread_list=0x00007ff8f6dabb88, length=0, elements={
}

Java Threads: ( => current thread )
Total: 0

Other Threads:
  0x000002354b4374a0 WorkerThread "GC Thread#0"                     [id=18924, stack(0x000000d8d6a00000,0x000000d8d6b00000) (1024K)]
  0x000002354b4489a0 ConcurrentGCThread "G1 Main Marker"            [id=19988, stack(0x000000d8d6b00000,0x000000d8d6c00000) (1024K)]
  0x000002354b449cb0 WorkerThread "G1 Conc#0"                       [id=19512, stack(0x000000d8d6c00000,0x000000d8d6d00000) (1024K)]

[error occurred during error reporting (printing all threads), id 0xc0000005, EXCEPTION_ACCESS_VIOLATION (0xc0000005) at pc=0x00007ff8f651c6a7]
VM state: not at safepoint (not fully initialized)

VM Mutex/Monitor currently owned by a thread:  ([mutex/lock_event])
[0x00007ff8f6e1ce68] Heap_lock - owner thread: 0x000002354b3e95c0

Heap address: 0x000000008a600000, size: 1882 MB, Compressed Oops mode: 32-bit

CDS archive(s) mapped at: [0x0000000000000000-0x0000000000000000-0x0000000000000000), size 0, SharedBaseAddress: 0x0000000800000000, ArchiveRelocationMode: 1.
Narrow klass base: 0x0000000000000000, Narrow klass shift: 0, Narrow klass range: 0x0

GC Precious Log:
 CardTable entry size: 512
 Card Set container configuration: InlinePtr #cards 5 size 8 Array Of Cards #cards 12 size 40 Howl #buckets 4 coarsen threshold 1843 Howl Bitmap #cards 512 size 80 coarsen threshold 460 Card regions per heap region 1 cards per card region 2048

Heap:
 garbage-first heap   total 0K, used 0K [0x000000008a600000, 0x0000000100000000)
  region size 1024K, 0 young (0K), 0 survivors (0K)

[error occurred during error reporting (printing heap information), id 0xc0000005, EXCEPTION_ACCESS_VIOLATION (0xc0000005) at pc=0x00007ff8f69039f9]
GC Heap History (0 events):
No events

Dll operation events (1 events):
Event: 0.005 Loaded shared library C:\Program Files\Java\jdk-21\bin\java.dll

Deoptimization events (0 events):
No events

Classes loaded (0 events):
No events

Classes unloaded (0 events):
No events

Classes redefined (0 events):
No events

Internal exceptions (0 events):
No events

ZGC Phase Switch (0 events):
No events

VM Operations (0 events):
No events

Events (0 events):
No events


Dynamic libraries:
0x00007ff60c5d0000 - 0x00007ff60c5e0000 	C:\Program Files\Java\jdk-21\bin\javaw.exe
0x00007ff94ceb0000 - 0x00007ff94d0c7000 	C:\WINDOWS\SYSTEM32\ntdll.dll
0x00007ff94ba80000 - 0x00007ff94bb44000 	C:\WINDOWS\System32\KERNEL32.DLL
0x00007ff94a840000 - 0x00007ff94abec000 	C:\WINDOWS\System32\KERNELBASE.dll
0x00007ff94a1e0000 - 0x00007ff94a2f1000 	C:\WINDOWS\System32\ucrtbase.dll
0x00007ff945540000 - 0x00007ff945559000 	C:\Program Files\Java\jdk-21\bin\jli.dll
0x00007ff945520000 - 0x00007ff94553b000 	C:\Program Files\Java\jdk-21\bin\VCRUNTIME140.dll
0x00007ff94b230000 - 0x00007ff94b2e2000 	C:\WINDOWS\System32\ADVAPI32.dll
0x00007ff94bb50000 - 0x00007ff94bbf7000 	C:\WINDOWS\System32\msvcrt.dll
0x00007ff94c610000 - 0x00007ff94c6ba000 	C:\WINDOWS\System32\sechost.dll
0x00007ff94a540000 - 0x00007ff94a568000 	C:\WINDOWS\System32\bcrypt.dll
0x00007ff94b8a0000 - 0x00007ff94b9b5000 	C:\WINDOWS\System32\RPCRT4.dll
0x00007ff94aed0000 - 0x00007ff94b07e000 	C:\WINDOWS\System32\USER32.dll
0x00007ff934750000 - 0x00007ff9349e3000 	C:\WINDOWS\WinSxS\amd64_microsoft.windows.common-controls_6595b64144ccf1df_6.0.22621.3672_none_2713b9d173822955\COMCTL32.dll
0x00007ff94a3a0000 - 0x00007ff94a3c6000 	C:\WINDOWS\System32\win32u.dll
0x00007ff94bcf0000 - 0x00007ff94bd19000 	C:\WINDOWS\System32\GDI32.dll
0x00007ff94a6a0000 - 0x00007ff94a7b9000 	C:\WINDOWS\System32\gdi32full.dll
0x00007ff94a300000 - 0x00007ff94a39a000 	C:\WINDOWS\System32\msvcp_win.dll
0x00007ff945990000 - 0x00007ff94599a000 	C:\WINDOWS\SYSTEM32\VERSION.dll
0x00007ff94bc00000 - 0x00007ff94bc31000 	C:\WINDOWS\System32\IMM32.DLL
0x00007ff946df0000 - 0x00007ff946dfc000 	C:\Program Files\Java\jdk-21\bin\vcruntime140_1.dll
0x00007ff943e60000 - 0x00007ff943eee000 	C:\Program Files\Java\jdk-21\bin\msvcp140.dll
0x00007ff8f61e0000 - 0x00007ff8f6ef7000 	C:\Program Files\Java\jdk-21\bin\server\jvm.dll
0x00007ff94c6d0000 - 0x00007ff94c741000 	C:\WINDOWS\System32\WS2_32.dll
0x00007ff94a0a0000 - 0x00007ff94a0ed000 	C:\WINDOWS\SYSTEM32\POWRPROF.dll
0x00007ff945d80000 - 0x00007ff945db4000 	C:\WINDOWS\SYSTEM32\WINMM.dll
0x00007ff949ed0000 - 0x00007ff949ee3000 	C:\WINDOWS\SYSTEM32\UMPDC.dll
0x00007ff949210000 - 0x00007ff949228000 	C:\WINDOWS\SYSTEM32\kernel.appcore.dll
0x00007ff946db0000 - 0x00007ff946dba000 	C:\Program Files\Java\jdk-21\bin\jimage.dll
0x00007ff942970000 - 0x00007ff942ba2000 	C:\WINDOWS\SYSTEM32\DBGHELP.DLL
0x00007ff94b4b0000 - 0x00007ff94b838000 	C:\WINDOWS\System32\combase.dll
0x00007ff94abf0000 - 0x00007ff94acc7000 	C:\WINDOWS\System32\OLEAUT32.dll
0x00007ff931660000 - 0x00007ff931692000 	C:\WINDOWS\SYSTEM32\dbgcore.DLL
0x00007ff94a7c0000 - 0x00007ff94a83b000 	C:\WINDOWS\System32\bcryptPrimitives.dll
0x00007ff945500000 - 0x00007ff94551f000 	C:\Program Files\Java\jdk-21\bin\java.dll

dbghelp: loaded successfully - version: 4.0.5 - missing functions: none
symbol engine: initialized successfully - sym options: 0x614 - pdb path: .;C:\Program Files\Java\jdk-21\bin;C:\WINDOWS\SYSTEM32;C:\WINDOWS\WinSxS\amd64_microsoft.windows.common-controls_6595b64144ccf1df_6.0.22621.3672_none_2713b9d173822955;C:\Program Files\Java\jdk-21\bin\server

VM Arguments:
jvm_args: -Dfile.encoding=UTF-8 -Dstdout.encoding=UTF-8 -Dstderr.encoding=UTF-8 --module-path=C:\Users\ADARSH ANAND\eclipse-workspace\yo\bin -XX:+ShowCodeDetailsInExceptionMessages -Djdk.module.main=yo 
java_command: yo/Javaaa.MissingNumberArray
java_class_path (initial): <not set>
Launcher Type: SUN_STANDARD

[Global flags]
     intx CICompilerCount                          = 4                                         {product} {ergonomic}
     uint ConcGCThreads                            = 3                                         {product} {ergonomic}
     uint G1ConcRefinementThreads                  = 10                                        {product} {ergonomic}
   size_t G1HeapRegionSize                         = 1048576                                   {product} {ergonomic}
    uintx GCDrainStackTargetSize                   = 64                                        {product} {ergonomic}
   size_t InitialHeapSize                          = 123731968                                 {product} {ergonomic}
   size_t MarkStackSize                            = 4194304                                   {product} {ergonomic}
   size_t MaxHeapSize                              = 1973420032                                {product} {ergonomic}
   size_t MinHeapDeltaBytes                        = 1048576                                   {product} {ergonomic}
   size_t MinHeapSize                              = 8388608                                   {product} {ergonomic}
    uintx NonNMethodCodeHeapSize                   = 5839372                                {pd product} {ergonomic}
    uintx NonProfiledCodeHeapSize                  = 122909434                              {pd product} {ergonomic}
    uintx ProfiledCodeHeapSize                     = 122909434                              {pd product} {ergonomic}
    uintx ReservedCodeCacheSize                    = 251658240                              {pd product} {ergonomic}
     bool SegmentedCodeCache                       = true                                      {product} {ergonomic}
     bool ShowCodeDetailsInExceptionMessages       = true                                   {manageable} {command line}
   size_t SoftMaxHeapSize                          = 1973420032                             {manageable} {ergonomic}
     bool UseCompressedOops                        = true                           {product lp64_product} {ergonomic}
     bool UseG1GC                                  = true                                      {product} {ergonomic}
     bool UseLargePagesIndividualAllocation        = false                                  {pd product} {ergonomic}

Logging:
Log output configuration:
 #0: stdout all=warning uptime,level,tags foldmultilines=false
 #1: stderr all=off uptime,level,tags foldmultilines=false

Environment Variables:
JAVA_HOME=C:\Program Files\Java\jdk-21
PATH=C:\Python312\Scripts\;C:\Python312\;C:\Program Files\Common Files\Oracle\Java\javapath;C:\Program Files (x86)\Common Files\Intel\Shared Libraries\redist\intel64\compiler;C:\windows\system32;C:\windows;C:\windows\System32\Wbem;C:\windows\System32\WindowsPowerShell\v1.0\;C:\windows\System32\OpenSSH\;C:\Program Files (x86)\NVIDIA Corporation\PhysX\Common;C:\Program Files\NVIDIA Corporation\NVIDIA NvDLISR;C:\WINDOWS\system32;C:\WINDOWS;C:\WINDOWS\System32\Wbem;C:\WINDOWS\System32\WindowsPowerShell\v1.0\;C:\WINDOWS\System32\OpenSSH\;C:\Program Files (x86)\QuickTime\QTSystem\;C:\Program Files\Java\jdk-21\bin;C:\Selenium\chromedriver-win64;C:\Selenium\apache-maven-3.9.6\bin;C:\Program Files\nodejs;C:\LOL\platform-tools;C:\Program Files\nodejs\;C:\ProgramData\chocolatey\bin;C:\Users\ADARSH ANAND\AppData\Local\Microsoft\WindowsApps;C:\Users\ADARSH ANAND\AppData\Local\Programs\Microsoft VS Code\bin;C:\Users\ADARSH ANAND\AppData\Local\Programs\Fiddler;C:\Program Files\Java\jdk-21\bin;C:\Program Files\Java\jdk-17\bin;C:\Users\ADARSH ANAND\AppData\Roaming\npm
USERNAME=ADARSH ANAND
OS=Windows_NT
PROCESSOR_IDENTIFIER=AMD64 Family 25 Model 80 Stepping 0, AuthenticAMD
TMP=C:\Users\ADARSH~1\AppData\Local\Temp
TEMP=C:\Users\ADARSH~1\AppData\Local\Temp




Periodic native trim disabled

---------------  S Y S T E M  ---------------

OS:
 Windows 11 , 64 bit Build 22621 (10.0.22621.3672)
OS uptime: 0 days 10:22 hours

CPU: total 12 (initial active 12) (12 cores per cpu, 2 threads per core) family 25 model 80 stepping 0 microcode 0x0, cx8, cmov, fxsr, ht, mmx, 3dnowpref, sse, sse2, sse3, ssse3, sse4a, sse4.1, sse4.2, popcnt, lzcnt, tsc, tscinvbit, avx, avx2, aes, erms, clmul, bmi1, bmi2, adx, sha, fma, vzeroupper, clflush, clflushopt, rdtscp, rdpid, fsrm, f16c, pku, cet_ss
Processor Information for processor 0
  Max Mhz: 3301, Current Mhz: 3301, Mhz Limit: 3301
Processor Information for processor 1
  Max Mhz: 3301, Current Mhz: 2630, Mhz Limit: 3301
Processor Information for processor 2
  Max Mhz: 3301, Current Mhz: 3301, Mhz Limit: 3301
Processor Information for processor 3
  Max Mhz: 3301, Current Mhz: 3301, Mhz Limit: 3301
Processor Information for processor 4
  Max Mhz: 3301, Current Mhz: 3301, Mhz Limit: 3301
Processor Information for processor 5
  Max Mhz: 3301, Current Mhz: 3301, Mhz Limit: 3301
Processor Information for processor 6
  Max Mhz: 3301, Current Mhz: 3301, Mhz Limit: 3301
Processor Information for processor 7
  Max Mhz: 3301, Current Mhz: 3301, Mhz Limit: 3301
Processor Information for processor 8
  Max Mhz: 3301, Current Mhz: 3301, Mhz Limit: 3301
Processor Information for processor 9
  Max Mhz: 3301, Current Mhz: 3301, Mhz Limit: 3301
Processor Information for processor 10
  Max Mhz: 3301, Current Mhz: 3301, Mhz Limit: 3301
Processor Information for processor 11
  Max Mhz: 3301, Current Mhz: 3301, Mhz Limit: 3301

Memory: 4k page, system-wide physical 7521M (907M free)
TotalPageFile size 11521M (AvailPageFile size 87M)
current process WorkingSet (physical memory assigned to process): 11M, peak: 11M
current process commit charge ("private bytes"): 64M, peak: 182M

vm_info: Java HotSpot(TM) 64-Bit Server VM (21.0.2+13-LTS-58) for windows-amd64 JRE (21.0.2+13-LTS-58), built on 2024-01-05T18:32:24Z by "mach5one" with MS VC++ 17.1 (VS2022)

END.
